[debug] [2021-07-19T19:52:26.791Z] ----------------------------------------------------------------------
[debug] [2021-07-19T19:52:26.795Z] Command:       C:\Program Files (x86)\nodejs\node.exe C:\Users\user\AppData\Roaming\npm\node_modules\firebase-tools\lib\bin\firebase.js emulators:start
[debug] [2021-07-19T19:52:26.796Z] CLI Version:   9.14.0
[debug] [2021-07-19T19:52:26.796Z] Platform:      win32
[debug] [2021-07-19T19:52:26.797Z] Node Version:  v14.16.0
[debug] [2021-07-19T19:52:26.799Z] Time:          Tue Jul 20 2021 01:22:26 GMT+0530 (India Standard Time)
[debug] [2021-07-19T19:52:26.799Z] ----------------------------------------------------------------------
[debug] 
[debug] [2021-07-19T19:52:26.815Z] > command requires scopes: ["email","openid","https://www.googleapis.com/auth/cloudplatformprojects.readonly","https://www.googleapis.com/auth/firebase","https://www.googleapis.com/auth/cloud-platform"]
[debug] [2021-07-19T19:52:26.815Z] > authorizing via signed-in user (araj.jharkhand@gmail.com)
[info] i  emulators: Starting emulators: functions, hosting {"metadata":{"emulator":{"name":"hub"},"message":"Starting emulators: functions, hosting"}}
[debug] [2021-07-19T19:52:26.865Z] [hub] writing locator at C:\Users\user\AppData\Local\Temp\hub-challenge-ar.json
[warn] !  functions: The following emulators are not running, calls to these services from the Functions emulator will affect production: auth, firestore, database, pubsub, storage {"metadata":{"emulator":{"name":"functions"},"message":"The following emulators are not running, calls to these services from the Functions emulator will affect production: \u001b[1mauth, firestore, database, pubsub, storage\u001b[22m"}}
[info] +  functions: Using node@14 from host. {"metadata":{"emulator":{"name":"functions"},"message":"Using node@14 from host."}}
[debug] [2021-07-19T19:52:26.938Z] defaultcredentials: writing to file C:\Users\user\AppData\Roaming\firebase\araj_jharkhand_gmail.com_application_default_credentials.json
[debug] [2021-07-19T19:52:26.945Z] Setting GAC to C:\Users\user\AppData\Roaming\firebase\araj_jharkhand_gmail.com_application_default_credentials.json {"metadata":{"emulator":{"name":"functions"},"message":"Setting GAC to C:\\Users\\user\\AppData\\Roaming\\firebase\\araj_jharkhand_gmail.com_application_default_credentials.json"}}
[debug] [2021-07-19T19:52:26.948Z] > refreshing access token with scopes: []
[debug] [2021-07-19T19:52:26.949Z] >>> HTTP REQUEST POST https://www.googleapis.com/oauth2/v3/token  
 <request body omitted>
[debug] [2021-07-19T19:52:27.358Z] <<< HTTP RESPONSE 200 {"expires":"Mon, 01 Jan 1990 00:00:00 GMT","cache-control":"no-cache, no-store, max-age=0, must-revalidate","pragma":"no-cache","date":"Mon, 19 Jul 2021 19:52:26 GMT","content-type":"application/json; charset=utf-8","vary":"X-Origin, Referer, Origin,Accept-Encoding","server":"scaffolding on HTTPServer2","x-xss-protection":"0","x-frame-options":"SAMEORIGIN","x-content-type-options":"nosniff","alt-svc":"h3=\":443\"; ma=2592000,h3-29=\":443\"; ma=2592000,h3-T051=\":443\"; ma=2592000,h3-Q050=\":443\"; ma=2592000,h3-Q046=\":443\"; ma=2592000,h3-Q043=\":443\"; ma=2592000,quic=\":443\"; ma=2592000; v=\"46,43\"","accept-ranges":"none","transfer-encoding":"chunked"}
[debug] [2021-07-19T19:52:27.426Z] >>> [apiv2][query] GET https://firebase.googleapis.com/v1beta1/projects/challenge-ar/adminSdkConfig [none]
[debug] [2021-07-19T19:52:48.490Z] Failed to get Admin SDK config for challenge-ar, falling back to cache Failed to get Admin SDK for Firebase project challenge-ar. Please make sure the project exists and your account has permission to access it. {"name":"FirebaseError","children":[],"exit":2,"message":"Failed to get Admin SDK for Firebase project challenge-ar. Please make sure the project exists and your account has permission to access it.","original":{"name":"FirebaseError","children":[],"exit":1,"message":"Failed to make request to https://firebase.googleapis.com/v1beta1/projects/challenge-ar/adminSdkConfig","original":{"message":"request to https://firebase.googleapis.com/v1beta1/projects/challenge-ar/adminSdkConfig failed, reason: connect ETIMEDOUT 172.217.27.170:443","type":"system","errno":"ETIMEDOUT","code":"ETIMEDOUT"},"status":500},"status":500}
[debug] [2021-07-19T19:52:48.505Z] >>> [apiv2][query] GET https://firebasehosting.googleapis.com/v1beta1/projects/challenge-ar/sites 
[debug] [2021-07-19T19:52:50.644Z] <<< [apiv2][status] GET https://firebasehosting.googleapis.com/v1beta1/projects/challenge-ar/sites 200
[debug] [2021-07-19T19:52:50.645Z] <<< [apiv2][body] GET https://firebasehosting.googleapis.com/v1beta1/projects/challenge-ar/sites {"sites":[{"name":"projects/418908507837/sites/challenge-ar","defaultUrl":"https://challenge-ar.web.app","appId":"1:418908507837:web:6db7a019f792909a47b1d4","type":"DEFAULT_SITE"}]}
[debug] [2021-07-19T19:52:50.645Z] >>> [apiv2][query] GET https://firebase.googleapis.com/v1beta1/projects/challenge-ar/webApps/1:418908507837:web:6db7a019f792909a47b1d4/config [none]
[debug] [2021-07-19T19:52:52.408Z] <<< [apiv2][status] GET https://firebase.googleapis.com/v1beta1/projects/challenge-ar/webApps/1:418908507837:web:6db7a019f792909a47b1d4/config 200
[debug] [2021-07-19T19:52:52.408Z] <<< [apiv2][body] GET https://firebase.googleapis.com/v1beta1/projects/challenge-ar/webApps/1:418908507837:web:6db7a019f792909a47b1d4/config {"projectId":"challenge-ar","appId":"1:418908507837:web:6db7a019f792909a47b1d4","storageBucket":"challenge-ar.appspot.com","locationId":"us-central","apiKey":"AIzaSyCVRELIq5maYRjGDm5F8xJwPoKjYrX1nuc","authDomain":"challenge-ar.firebaseapp.com","messagingSenderId":"418908507837","measurementId":"G-Y9YL1403K9"}
[info] i  hosting: Serving hosting files from: build {"metadata":{"emulator":{"name":"hosting"},"message":"Serving hosting files from: \u001b[1mbuild\u001b[22m"}}
[info] +  hosting: Local server: http://localhost:5000 {"metadata":{"emulator":{"name":"hosting"},"message":"Local server: \u001b[4m\u001b[1mhttp://localhost:5000\u001b[22m\u001b[24m"}}
[warn] !  ui: Emulator UI unable to start on port 4000, starting on 4002 instead. {"metadata":{"emulator":{"name":"ui"},"message":"Emulator UI unable to start on port 4000, starting on 4002 instead."}}
[debug] [2021-07-19T19:52:53.526Z] Ignoring unsupported arg: auto_download {"metadata":{"emulator":{"name":"ui"},"message":"Ignoring unsupported arg: auto_download"}}
[debug] [2021-07-19T19:52:53.526Z] Ignoring unsupported arg: port {"metadata":{"emulator":{"name":"ui"},"message":"Ignoring unsupported arg: port"}}
[debug] [2021-07-19T19:52:53.526Z] Starting Emulator UI with command {"binary":"node","args":["C:\\Users\\user\\.cache\\firebase\\emulators\\ui-v1.5.0\\server.bundle.js"],"optionalArgs":[],"joinArgs":false} {"metadata":{"emulator":{"name":"ui"},"message":"Starting Emulator UI with command {\"binary\":\"node\",\"args\":[\"C:\\\\Users\\\\user\\\\.cache\\\\firebase\\\\emulators\\\\ui-v1.5.0\\\\server.bundle.js\"],\"optionalArgs\":[],\"joinArgs\":false}"}}
[info] i  ui: Emulator UI logging to ui-debug.log {"metadata":{"emulator":{"name":"ui"},"message":"Emulator UI logging to \u001b[1mui-debug.log\u001b[22m"}}
[debug] [2021-07-19T19:52:54.057Z] Web / API server started at http://localhost:4002
 {"metadata":{"emulator":{"name":"ui"},"message":"Web / API server started at http://localhost:4002\n"}}
[info] i  functions: Watching "C:\Users\user\Desktop\Amazon_by_ar\amazon-clone-ar\functions" for Cloud Functions... {"metadata":{"emulator":{"name":"functions"},"message":"Watching \"C:\\Users\\user\\Desktop\\Amazon_by_ar\\amazon-clone-ar\\functions\" for Cloud Functions..."}}
[debug] [2021-07-19T19:52:54.491Z] [worker-pool] addWorker(~diagnostic~) {"metadata":{"emulator":{"name":"functions"},"message":"[worker-pool] addWorker(~diagnostic~)"}}
[debug] [2021-07-19T19:52:54.491Z] [worker-pool] Adding worker with key ~diagnostic~, total=1 {"metadata":{"emulator":{"name":"functions"},"message":"[worker-pool] Adding worker with key ~diagnostic~, total=1"}}
[debug] [2021-07-19T19:52:54.491Z] [worker-pool] submitWork(triggerId=) {"metadata":{"emulator":{"name":"functions"},"message":"[worker-pool] submitWork(triggerId=)"}}
[debug] [2021-07-19T19:52:54.492Z] [worker-~diagnostic~-3ba4bb61-866e-4034-8f9d-a4251a4cdcc1]: Assigning socketPath: \\?\pipe\C:\Users\user\Desktop\Amazon_by_ar\amazon-clone-ar\functions\57056 {"metadata":{"emulator":{"name":"functions"},"message":"[worker-~diagnostic~-3ba4bb61-866e-4034-8f9d-a4251a4cdcc1]: Assigning socketPath: \\\\?\\pipe\\C:\\Users\\user\\Desktop\\Amazon_by_ar\\amazon-clone-ar\\functions\\57056"}}
[debug] [2021-07-19T19:52:54.493Z] [worker-~diagnostic~-3ba4bb61-866e-4034-8f9d-a4251a4cdcc1]: BUSY {"metadata":{"emulator":{"name":"functions"},"message":"[worker-~diagnostic~-3ba4bb61-866e-4034-8f9d-a4251a4cdcc1]: BUSY"}}
[debug] [2021-07-19T19:52:54.944Z] [runtime-status] [57056] Functions runtime initialized. {"cwd":"C:\\Users\\user\\Desktop\\Amazon_by_ar\\amazon-clone-ar\\functions","node_version":"14.16.0"} {"metadata":{"emulator":{"name":"functions"},"message":"[runtime-status] [57056] Functions runtime initialized. {\"cwd\":\"C:\\\\Users\\\\user\\\\Desktop\\\\Amazon_by_ar\\\\amazon-clone-ar\\\\functions\",\"node_version\":\"14.16.0\"}"}}
[debug] [2021-07-19T19:52:54.945Z] [runtime-status] [57056] Disabled runtime features: undefined {"metadata":{"emulator":{"name":"functions"},"message":"[runtime-status] [57056] Disabled runtime features: undefined"}}
[debug] [2021-07-19T19:52:55.524Z] [runtime-status] [57056] Resolved module firebase-admin {"declared":true,"installed":true,"version":"9.10.0","resolution":"C:\\Users\\user\\Desktop\\Amazon_by_ar\\amazon-clone-ar\\functions\\node_modules\\firebase-admin\\lib\\index.js"} {"metadata":{"emulator":{"name":"functions"},"message":"[runtime-status] [57056] Resolved module firebase-admin {\"declared\":true,\"installed\":true,\"version\":\"9.10.0\",\"resolution\":\"C:\\\\Users\\\\user\\\\Desktop\\\\Amazon_by_ar\\\\amazon-clone-ar\\\\functions\\\\node_modules\\\\firebase-admin\\\\lib\\\\index.js\"}"}}
[debug] [2021-07-19T19:52:55.595Z] [runtime-status] [57056] Resolved module firebase-functions {"declared":true,"installed":true,"version":"3.14.1","resolution":"C:\\Users\\user\\Desktop\\Amazon_by_ar\\amazon-clone-ar\\functions\\node_modules\\firebase-functions\\lib\\index.js"} {"metadata":{"emulator":{"name":"functions"},"message":"[runtime-status] [57056] Resolved module firebase-functions {\"declared\":true,\"installed\":true,\"version\":\"3.14.1\",\"resolution\":\"C:\\\\Users\\\\user\\\\Desktop\\\\Amazon_by_ar\\\\amazon-clone-ar\\\\functions\\\\node_modules\\\\firebase-functions\\\\lib\\\\index.js\"}"}}
[debug] [2021-07-19T19:52:55.598Z] [runtime-status] [57056] Resolved module firebase-functions {"declared":true,"installed":true,"version":"3.14.1","resolution":"C:\\Users\\user\\Desktop\\Amazon_by_ar\\amazon-clone-ar\\functions\\node_modules\\firebase-functions\\lib\\index.js"} {"metadata":{"emulator":{"name":"functions"},"message":"[runtime-status] [57056] Resolved module firebase-functions {\"declared\":true,\"installed\":true,\"version\":\"3.14.1\",\"resolution\":\"C:\\\\Users\\\\user\\\\Desktop\\\\Amazon_by_ar\\\\amazon-clone-ar\\\\functions\\\\node_modules\\\\firebase-functions\\\\lib\\\\index.js\"}"}}
[debug] [2021-07-19T19:52:55.602Z] [runtime-status] [57056] Outgoing network have been stubbed. [{"name":"http","status":"mocked"},{"name":"http","status":"mocked"},{"name":"https","status":"mocked"},{"name":"https","status":"mocked"},{"name":"net","status":"mocked"}] {"metadata":{"emulator":{"name":"functions"},"message":"[runtime-status] [57056] Outgoing network have been stubbed. [{\"name\":\"http\",\"status\":\"mocked\"},{\"name\":\"http\",\"status\":\"mocked\"},{\"name\":\"https\",\"status\":\"mocked\"},{\"name\":\"https\",\"status\":\"mocked\"},{\"name\":\"net\",\"status\":\"mocked\"}]"}}
[debug] [2021-07-19T19:52:55.603Z] [runtime-status] [57056] Resolved module firebase-functions {"declared":true,"installed":true,"version":"3.14.1","resolution":"C:\\Users\\user\\Desktop\\Amazon_by_ar\\amazon-clone-ar\\functions\\node_modules\\firebase-functions\\lib\\index.js"} {"metadata":{"emulator":{"name":"functions"},"message":"[runtime-status] [57056] Resolved module firebase-functions {\"declared\":true,\"installed\":true,\"version\":\"3.14.1\",\"resolution\":\"C:\\\\Users\\\\user\\\\Desktop\\\\Amazon_by_ar\\\\amazon-clone-ar\\\\functions\\\\node_modules\\\\firebase-functions\\\\lib\\\\index.js\"}"}}
[debug] [2021-07-19T19:52:55.778Z] [runtime-status] [57056] Checked functions.config() {"config":{}} {"metadata":{"emulator":{"name":"functions"},"message":"[runtime-status] [57056] Checked functions.config() {\"config\":{}}"}}
[debug] [2021-07-19T19:52:55.778Z] [runtime-status] [57056] firebase-functions has been stubbed. {"functionsResolution":{"declared":true,"installed":true,"version":"3.14.1","resolution":"C:\\Users\\user\\Desktop\\Amazon_by_ar\\amazon-clone-ar\\functions\\node_modules\\firebase-functions\\lib\\index.js"}} {"metadata":{"emulator":{"name":"functions"},"message":"[runtime-status] [57056] firebase-functions has been stubbed. {\"functionsResolution\":{\"declared\":true,\"installed\":true,\"version\":\"3.14.1\",\"resolution\":\"C:\\\\Users\\\\user\\\\Desktop\\\\Amazon_by_ar\\\\amazon-clone-ar\\\\functions\\\\node_modules\\\\firebase-functions\\\\lib\\\\index.js\"}}"}}
[debug] [2021-07-19T19:52:55.779Z] [runtime-status] [57056] Resolved module firebase-functions {"declared":true,"installed":true,"version":"3.14.1","resolution":"C:\\Users\\user\\Desktop\\Amazon_by_ar\\amazon-clone-ar\\functions\\node_modules\\firebase-functions\\lib\\index.js"} {"metadata":{"emulator":{"name":"functions"},"message":"[runtime-status] [57056] Resolved module firebase-functions {\"declared\":true,\"installed\":true,\"version\":\"3.14.1\",\"resolution\":\"C:\\\\Users\\\\user\\\\Desktop\\\\Amazon_by_ar\\\\amazon-clone-ar\\\\functions\\\\node_modules\\\\firebase-functions\\\\lib\\\\index.js\"}"}}
[debug] [2021-07-19T19:52:55.782Z] [runtime-status] [57056] Resolved module firebase-admin {"declared":true,"installed":true,"version":"9.10.0","resolution":"C:\\Users\\user\\Desktop\\Amazon_by_ar\\amazon-clone-ar\\functions\\node_modules\\firebase-admin\\lib\\index.js"} {"metadata":{"emulator":{"name":"functions"},"message":"[runtime-status] [57056] Resolved module firebase-admin {\"declared\":true,\"installed\":true,\"version\":\"9.10.0\",\"resolution\":\"C:\\\\Users\\\\user\\\\Desktop\\\\Amazon_by_ar\\\\amazon-clone-ar\\\\functions\\\\node_modules\\\\firebase-admin\\\\lib\\\\index.js\"}"}}
[debug] [2021-07-19T19:52:55.783Z] [runtime-status] [57056] Resolved module firebase-functions {"declared":true,"installed":true,"version":"3.14.1","resolution":"C:\\Users\\user\\Desktop\\Amazon_by_ar\\amazon-clone-ar\\functions\\node_modules\\firebase-functions\\lib\\index.js"} {"metadata":{"emulator":{"name":"functions"},"message":"[runtime-status] [57056] Resolved module firebase-functions {\"declared\":true,\"installed\":true,\"version\":\"3.14.1\",\"resolution\":\"C:\\\\Users\\\\user\\\\Desktop\\\\Amazon_by_ar\\\\amazon-clone-ar\\\\functions\\\\node_modules\\\\firebase-functions\\\\lib\\\\index.js\"}"}}
[debug] [2021-07-19T19:52:55.783Z] [runtime-status] [57056] firebase-admin has been stubbed. {"adminResolution":{"declared":true,"installed":true,"version":"9.10.0","resolution":"C:\\Users\\user\\Desktop\\Amazon_by_ar\\amazon-clone-ar\\functions\\node_modules\\firebase-admin\\lib\\index.js"}} {"metadata":{"emulator":{"name":"functions"},"message":"[runtime-status] [57056] firebase-admin has been stubbed. {\"adminResolution\":{\"declared\":true,\"installed\":true,\"version\":\"9.10.0\",\"resolution\":\"C:\\\\Users\\\\user\\\\Desktop\\\\Amazon_by_ar\\\\amazon-clone-ar\\\\functions\\\\node_modules\\\\firebase-admin\\\\lib\\\\index.js\"}}"}}
[info] +  functions[us-central1-api]: http function initialized (http://localhost:5001/challenge-ar/us-central1/api). {"metadata":{"emulator":{"name":"functions"},"message":"\u001b[1mhttp\u001b[22m function initialized (http://localhost:5001/challenge-ar/us-central1/api)."}}
[info] 
┌─────────────────────────────────────────────────────────────┐
│ ✔  All emulators ready! It is now safe to connect your app. │
│ i  View Emulator UI at http://localhost:4002                │
└─────────────────────────────────────────────────────────────┘

┌───────────┬────────────────┬─────────────────────────────────┐
│ Emulator  │ Host:Port      │ View in Emulator UI             │
├───────────┼────────────────┼─────────────────────────────────┤
│ Functions │ localhost:5001 │ http://localhost:4002/functions │
├───────────┼────────────────┼─────────────────────────────────┤
│ Hosting   │ localhost:5000 │ n/a                             │
└───────────┴────────────────┴─────────────────────────────────┘
  Emulator Hub running at localhost:4400
  Other reserved ports: 4500

Issues? Report them at https://github.com/firebase/firebase-tools/issues and attach the *-debug.log files.
 
[debug] [2021-07-19T19:52:56.160Z] [worker-~diagnostic~-3ba4bb61-866e-4034-8f9d-a4251a4cdcc1]: IDLE {"metadata":{"emulator":{"name":"functions"},"message":"[worker-~diagnostic~-3ba4bb61-866e-4034-8f9d-a4251a4cdcc1]: IDLE"}}
[debug] [2021-07-19T19:53:25.328Z] [work-queue] {"queueLength":1,"workRunningCount":0}
[debug] [2021-07-19T19:53:25.329Z] [work-queue] {"queueLength":0,"workRunningCount":1}
[debug] [2021-07-19T19:53:25.329Z] Accepted request POST /challenge-ar/us-central1/api/payments/create?total=8200 --> us-central1-api
[debug] [2021-07-19T19:53:25.334Z] [worker-pool] addWorker(us-central1-api) {"metadata":{"emulator":{"name":"functions"},"message":"[worker-pool] addWorker(us-central1-api)"}}
[debug] [2021-07-19T19:53:25.334Z] [worker-pool] Adding worker with key us-central1-api, total=1 {"metadata":{"emulator":{"name":"functions"},"message":"[worker-pool] Adding worker with key us-central1-api, total=1"}}
[debug] [2021-07-19T19:53:25.334Z] [worker-pool] submitWork(triggerId=us-central1-api) {"metadata":{"emulator":{"name":"functions"},"message":"[worker-pool] submitWork(triggerId=us-central1-api)"}}
[debug] [2021-07-19T19:53:25.335Z] [worker-us-central1-api-7166945d-2e2f-4208-9628-b39f6c49893b]: Assigning socketPath: \\?\pipe\C:\Users\user\Desktop\Amazon_by_ar\amazon-clone-ar\functions\57596 {"metadata":{"emulator":{"name":"functions"},"message":"[worker-us-central1-api-7166945d-2e2f-4208-9628-b39f6c49893b]: Assigning socketPath: \\\\?\\pipe\\C:\\Users\\user\\Desktop\\Amazon_by_ar\\amazon-clone-ar\\functions\\57596"}}
[debug] [2021-07-19T19:53:25.335Z] [worker-us-central1-api-7166945d-2e2f-4208-9628-b39f6c49893b]: BUSY {"metadata":{"emulator":{"name":"functions"},"message":"[worker-us-central1-api-7166945d-2e2f-4208-9628-b39f6c49893b]: BUSY"}}
[debug] [2021-07-19T19:53:25.581Z] [runtime-status] [57596] Functions runtime initialized. {"cwd":"C:\\Users\\user\\Desktop\\Amazon_by_ar\\amazon-clone-ar\\functions","node_version":"14.16.0"} {"metadata":{"emulator":{"name":"functions"},"function":{"name":"us-central1-api"},"message":"[runtime-status] [57596] Functions runtime initialized. {\"cwd\":\"C:\\\\Users\\\\user\\\\Desktop\\\\Amazon_by_ar\\\\amazon-clone-ar\\\\functions\",\"node_version\":\"14.16.0\"}"}}
[debug] [2021-07-19T19:53:25.582Z] [runtime-status] [57596] Disabled runtime features: undefined {"metadata":{"emulator":{"name":"functions"},"function":{"name":"us-central1-api"},"message":"[runtime-status] [57596] Disabled runtime features: undefined"}}
[debug] [2021-07-19T19:53:25.586Z] [runtime-status] [57596] Resolved module firebase-admin {"declared":true,"installed":true,"version":"9.10.0","resolution":"C:\\Users\\user\\Desktop\\Amazon_by_ar\\amazon-clone-ar\\functions\\node_modules\\firebase-admin\\lib\\index.js"} {"metadata":{"emulator":{"name":"functions"},"function":{"name":"us-central1-api"},"message":"[runtime-status] [57596] Resolved module firebase-admin {\"declared\":true,\"installed\":true,\"version\":\"9.10.0\",\"resolution\":\"C:\\\\Users\\\\user\\\\Desktop\\\\Amazon_by_ar\\\\amazon-clone-ar\\\\functions\\\\node_modules\\\\firebase-admin\\\\lib\\\\index.js\"}"}}
[debug] [2021-07-19T19:53:25.587Z] [runtime-status] [57596] Resolved module firebase-functions {"declared":true,"installed":true,"version":"3.14.1","resolution":"C:\\Users\\user\\Desktop\\Amazon_by_ar\\amazon-clone-ar\\functions\\node_modules\\firebase-functions\\lib\\index.js"} {"metadata":{"emulator":{"name":"functions"},"function":{"name":"us-central1-api"},"message":"[runtime-status] [57596] Resolved module firebase-functions {\"declared\":true,\"installed\":true,\"version\":\"3.14.1\",\"resolution\":\"C:\\\\Users\\\\user\\\\Desktop\\\\Amazon_by_ar\\\\amazon-clone-ar\\\\functions\\\\node_modules\\\\firebase-functions\\\\lib\\\\index.js\"}"}}
[debug] [2021-07-19T19:53:25.589Z] [runtime-status] [57596] Resolved module firebase-functions {"declared":true,"installed":true,"version":"3.14.1","resolution":"C:\\Users\\user\\Desktop\\Amazon_by_ar\\amazon-clone-ar\\functions\\node_modules\\firebase-functions\\lib\\index.js"} {"metadata":{"emulator":{"name":"functions"},"function":{"name":"us-central1-api"},"message":"[runtime-status] [57596] Resolved module firebase-functions {\"declared\":true,\"installed\":true,\"version\":\"3.14.1\",\"resolution\":\"C:\\\\Users\\\\user\\\\Desktop\\\\Amazon_by_ar\\\\amazon-clone-ar\\\\functions\\\\node_modules\\\\firebase-functions\\\\lib\\\\index.js\"}"}}
[debug] [2021-07-19T19:53:25.591Z] [runtime-status] [57596] Outgoing network have been stubbed. [{"name":"http","status":"mocked"},{"name":"http","status":"mocked"},{"name":"https","status":"mocked"},{"name":"https","status":"mocked"},{"name":"net","status":"mocked"}] {"metadata":{"emulator":{"name":"functions"},"function":{"name":"us-central1-api"},"message":"[runtime-status] [57596] Outgoing network have been stubbed. [{\"name\":\"http\",\"status\":\"mocked\"},{\"name\":\"http\",\"status\":\"mocked\"},{\"name\":\"https\",\"status\":\"mocked\"},{\"name\":\"https\",\"status\":\"mocked\"},{\"name\":\"net\",\"status\":\"mocked\"}]"}}
[debug] [2021-07-19T19:53:25.591Z] [runtime-status] [57596] Resolved module firebase-functions {"declared":true,"installed":true,"version":"3.14.1","resolution":"C:\\Users\\user\\Desktop\\Amazon_by_ar\\amazon-clone-ar\\functions\\node_modules\\firebase-functions\\lib\\index.js"} {"metadata":{"emulator":{"name":"functions"},"function":{"name":"us-central1-api"},"message":"[runtime-status] [57596] Resolved module firebase-functions {\"declared\":true,\"installed\":true,\"version\":\"3.14.1\",\"resolution\":\"C:\\\\Users\\\\user\\\\Desktop\\\\Amazon_by_ar\\\\amazon-clone-ar\\\\functions\\\\node_modules\\\\firebase-functions\\\\lib\\\\index.js\"}"}}
[debug] [2021-07-19T19:53:25.643Z] [runtime-status] [57596] Checked functions.config() {"config":{}} {"metadata":{"emulator":{"name":"functions"},"function":{"name":"us-central1-api"},"message":"[runtime-status] [57596] Checked functions.config() {\"config\":{}}"}}
[debug] [2021-07-19T19:53:25.643Z] [runtime-status] [57596] firebase-functions has been stubbed. {"functionsResolution":{"declared":true,"installed":true,"version":"3.14.1","resolution":"C:\\Users\\user\\Desktop\\Amazon_by_ar\\amazon-clone-ar\\functions\\node_modules\\firebase-functions\\lib\\index.js"}} {"metadata":{"emulator":{"name":"functions"},"function":{"name":"us-central1-api"},"message":"[runtime-status] [57596] firebase-functions has been stubbed. {\"functionsResolution\":{\"declared\":true,\"installed\":true,\"version\":\"3.14.1\",\"resolution\":\"C:\\\\Users\\\\user\\\\Desktop\\\\Amazon_by_ar\\\\amazon-clone-ar\\\\functions\\\\node_modules\\\\firebase-functions\\\\lib\\\\index.js\"}}"}}
[debug] [2021-07-19T19:53:25.644Z] [runtime-status] [57596] Resolved module firebase-functions {"declared":true,"installed":true,"version":"3.14.1","resolution":"C:\\Users\\user\\Desktop\\Amazon_by_ar\\amazon-clone-ar\\functions\\node_modules\\firebase-functions\\lib\\index.js"} {"metadata":{"emulator":{"name":"functions"},"function":{"name":"us-central1-api"},"message":"[runtime-status] [57596] Resolved module firebase-functions {\"declared\":true,\"installed\":true,\"version\":\"3.14.1\",\"resolution\":\"C:\\\\Users\\\\user\\\\Desktop\\\\Amazon_by_ar\\\\amazon-clone-ar\\\\functions\\\\node_modules\\\\firebase-functions\\\\lib\\\\index.js\"}"}}
[debug] [2021-07-19T19:53:25.647Z] [runtime-status] [57596] Resolved module firebase-admin {"declared":true,"installed":true,"version":"9.10.0","resolution":"C:\\Users\\user\\Desktop\\Amazon_by_ar\\amazon-clone-ar\\functions\\node_modules\\firebase-admin\\lib\\index.js"} {"metadata":{"emulator":{"name":"functions"},"function":{"name":"us-central1-api"},"message":"[runtime-status] [57596] Resolved module firebase-admin {\"declared\":true,\"installed\":true,\"version\":\"9.10.0\",\"resolution\":\"C:\\\\Users\\\\user\\\\Desktop\\\\Amazon_by_ar\\\\amazon-clone-ar\\\\functions\\\\node_modules\\\\firebase-admin\\\\lib\\\\index.js\"}"}}
[debug] [2021-07-19T19:53:25.648Z] [runtime-status] [57596] Resolved module firebase-functions {"declared":true,"installed":true,"version":"3.14.1","resolution":"C:\\Users\\user\\Desktop\\Amazon_by_ar\\amazon-clone-ar\\functions\\node_modules\\firebase-functions\\lib\\index.js"} {"metadata":{"emulator":{"name":"functions"},"function":{"name":"us-central1-api"},"message":"[runtime-status] [57596] Resolved module firebase-functions {\"declared\":true,\"installed\":true,\"version\":\"3.14.1\",\"resolution\":\"C:\\\\Users\\\\user\\\\Desktop\\\\Amazon_by_ar\\\\amazon-clone-ar\\\\functions\\\\node_modules\\\\firebase-functions\\\\lib\\\\index.js\"}"}}
[debug] [2021-07-19T19:53:25.648Z] [runtime-status] [57596] firebase-admin has been stubbed. {"adminResolution":{"declared":true,"installed":true,"version":"9.10.0","resolution":"C:\\Users\\user\\Desktop\\Amazon_by_ar\\amazon-clone-ar\\functions\\node_modules\\firebase-admin\\lib\\index.js"}} {"metadata":{"emulator":{"name":"functions"},"function":{"name":"us-central1-api"},"message":"[runtime-status] [57596] firebase-admin has been stubbed. {\"adminResolution\":{\"declared\":true,\"installed\":true,\"version\":\"9.10.0\",\"resolution\":\"C:\\\\Users\\\\user\\\\Desktop\\\\Amazon_by_ar\\\\amazon-clone-ar\\\\functions\\\\node_modules\\\\firebase-admin\\\\lib\\\\index.js\"}}"}}
[debug] [2021-07-19T19:53:25.847Z] [runtime-status] [57596] Trigger "us-central1-api" has been found, beginning invocation! {"metadata":{"emulator":{"name":"functions"},"function":{"name":"us-central1-api"},"message":"[runtime-status] [57596] Trigger \"us-central1-api\" has been found, beginning invocation!"}}
[info] i  functions: Beginning execution of "us-central1-api" {"metadata":{"emulator":{"name":"functions"},"function":{"name":"us-central1-api"},"message":"Beginning execution of \"us-central1-api\""}}
[debug] [2021-07-19T19:53:25.848Z] [runtime-status] [57596] triggerDefinition {"httpsTrigger":{},"name":"api","entryPoint":"api","regions":["us-central1"],"region":"us-central1","id":"us-central1-api"} {"metadata":{"emulator":{"name":"functions"},"function":{"name":"us-central1-api"},"message":"[runtime-status] [57596] triggerDefinition {\"httpsTrigger\":{},\"name\":\"api\",\"entryPoint\":\"api\",\"regions\":[\"us-central1\"],\"region\":\"us-central1\",\"id\":\"us-central1-api\"}"}}
[debug] [2021-07-19T19:53:25.848Z] [runtime-status] [57596] Running us-central1-api in mode HTTPS {"metadata":{"emulator":{"name":"functions"},"function":{"name":"us-central1-api"},"message":"[runtime-status] [57596] Running us-central1-api in mode HTTPS"}}
[debug] [2021-07-19T19:53:25.854Z] [runtime-status] [57596] Attempting to listen to socketPath: \\?\pipe\C:\Users\user\Desktop\Amazon_by_ar\amazon-clone-ar\functions\57596 {"metadata":{"emulator":{"name":"functions"},"function":{"name":"us-central1-api"},"message":"[runtime-status] [57596] Attempting to listen to socketPath: \\\\?\\pipe\\C:\\Users\\user\\Desktop\\Amazon_by_ar\\amazon-clone-ar\\functions\\57596"}}
[debug] [2021-07-19T19:53:25.858Z] [functions] Runtime ready! Sending request! {"metadata":{"emulator":{"name":"functions"},"message":"[functions] Runtime ready! Sending request!"}}
[debug] [2021-07-19T19:53:25.859Z] [functions] Got req.url=/challenge-ar/us-central1/api/payments/create?total=8200, mapping to path=/payments/create?total=8200 {"metadata":{"emulator":{"name":"functions"},"message":"[functions] Got req.url=/challenge-ar/us-central1/api/payments/create?total=8200, mapping to path=/payments/create?total=8200"}}
[debug] [2021-07-19T19:53:25.869Z] [runtime-status] [57596] Ephemeral server handling POST request {"metadata":{"emulator":{"name":"functions"},"function":{"name":"us-central1-api"},"message":"[runtime-status] [57596] Ephemeral server handling POST request"}}
[info] >  Payment Request Recieved BOOM!!! for this amount >>>  8200 {"user":"Payment Request Recieved BOOM!!! for this amount >>>  8200","metadata":{"emulator":{"name":"functions"},"function":{"name":"us-central1-api"},"message":"\u001b[90m> \u001b[39m Payment Request Recieved BOOM!!! for this amount >>>  8200"}}
[debug] [2021-07-19T19:53:25.882Z] [runtime-status] [57596] Ephemeral server survived. {"metadata":{"emulator":{"name":"functions"},"function":{"name":"us-central1-api"},"message":"[runtime-status] [57596] Ephemeral server survived."}}
[info] i  functions: Finished "us-central1-api" in ~1s {"metadata":{"emulator":{"name":"functions"},"function":{"name":"us-central1-api"},"message":"Finished \"us-central1-api\" in ~1s"}}
[debug] [2021-07-19T19:53:27.240Z] [worker-us-central1-api-7166945d-2e2f-4208-9628-b39f6c49893b]: IDLE {"metadata":{"emulator":{"name":"functions"},"message":"[worker-us-central1-api-7166945d-2e2f-4208-9628-b39f6c49893b]: IDLE"}}
[debug] [2021-07-19T19:53:27.241Z] [work-queue] {"queueLength":0,"workRunningCount":0}
[debug] [2021-07-19T19:53:38.623Z] [work-queue] {"queueLength":1,"workRunningCount":0}
[debug] [2021-07-19T19:53:38.623Z] [work-queue] {"queueLength":0,"workRunningCount":1}
[debug] [2021-07-19T19:53:38.624Z] Accepted request POST /challenge-ar/us-central1/api/payments/create?total=0 --> us-central1-api
[debug] [2021-07-19T19:53:38.624Z] [worker-pool] submitWork(triggerId=us-central1-api) {"metadata":{"emulator":{"name":"functions"},"message":"[worker-pool] submitWork(triggerId=us-central1-api)"}}
[debug] [2021-07-19T19:53:38.625Z] [worker-us-central1-api-7166945d-2e2f-4208-9628-b39f6c49893b]: Assigning socketPath: \\?\pipe\C:\Users\user\Desktop\Amazon_by_ar\amazon-clone-ar\functions\57596 {"metadata":{"emulator":{"name":"functions"},"message":"[worker-us-central1-api-7166945d-2e2f-4208-9628-b39f6c49893b]: Assigning socketPath: \\\\?\\pipe\\C:\\Users\\user\\Desktop\\Amazon_by_ar\\amazon-clone-ar\\functions\\57596"}}
[debug] [2021-07-19T19:53:38.626Z] [worker-us-central1-api-7166945d-2e2f-4208-9628-b39f6c49893b]: BUSY {"metadata":{"emulator":{"name":"functions"},"message":"[worker-us-central1-api-7166945d-2e2f-4208-9628-b39f6c49893b]: BUSY"}}
[debug] [2021-07-19T19:53:38.628Z] [runtime-status] [57596] Trigger "us-central1-api" has been found, beginning invocation! {"metadata":{"emulator":{"name":"functions"},"function":{"name":"us-central1-api"},"message":"[runtime-status] [57596] Trigger \"us-central1-api\" has been found, beginning invocation!"}}
[info] i  functions: Beginning execution of "us-central1-api" {"metadata":{"emulator":{"name":"functions"},"function":{"name":"us-central1-api"},"message":"Beginning execution of \"us-central1-api\""}}
[debug] [2021-07-19T19:53:38.632Z] [runtime-status] [57596] triggerDefinition {"httpsTrigger":{},"name":"api","entryPoint":"api","regions":["us-central1"],"region":"us-central1","id":"us-central1-api"} {"metadata":{"emulator":{"name":"functions"},"function":{"name":"us-central1-api"},"message":"[runtime-status] [57596] triggerDefinition {\"httpsTrigger\":{},\"name\":\"api\",\"entryPoint\":\"api\",\"regions\":[\"us-central1\"],\"region\":\"us-central1\",\"id\":\"us-central1-api\"}"}}
[debug] [2021-07-19T19:53:38.632Z] [runtime-status] [57596] Running us-central1-api in mode HTTPS {"metadata":{"emulator":{"name":"functions"},"function":{"name":"us-central1-api"},"message":"[runtime-status] [57596] Running us-central1-api in mode HTTPS"}}
[debug] [2021-07-19T19:53:38.633Z] [runtime-status] [57596] Attempting to listen to socketPath: \\?\pipe\C:\Users\user\Desktop\Amazon_by_ar\amazon-clone-ar\functions\57596 {"metadata":{"emulator":{"name":"functions"},"function":{"name":"us-central1-api"},"message":"[runtime-status] [57596] Attempting to listen to socketPath: \\\\?\\pipe\\C:\\Users\\user\\Desktop\\Amazon_by_ar\\amazon-clone-ar\\functions\\57596"}}
[debug] [2021-07-19T19:53:38.635Z] [functions] Runtime ready! Sending request! {"metadata":{"emulator":{"name":"functions"},"message":"[functions] Runtime ready! Sending request!"}}
[debug] [2021-07-19T19:53:38.636Z] [functions] Got req.url=/challenge-ar/us-central1/api/payments/create?total=0, mapping to path=/payments/create?total=0 {"metadata":{"emulator":{"name":"functions"},"message":"[functions] Got req.url=/challenge-ar/us-central1/api/payments/create?total=0, mapping to path=/payments/create?total=0"}}
[debug] [2021-07-19T19:53:38.641Z] [runtime-status] [57596] Ephemeral server handling POST request {"metadata":{"emulator":{"name":"functions"},"function":{"name":"us-central1-api"},"message":"[runtime-status] [57596] Ephemeral server handling POST request"}}
[info] >  Payment Request Recieved BOOM!!! for this amount >>>  0 {"user":"Payment Request Recieved BOOM!!! for this amount >>>  0","metadata":{"emulator":{"name":"functions"},"function":{"name":"us-central1-api"},"message":"\u001b[90m> \u001b[39m Payment Request Recieved BOOM!!! for this amount >>>  0"}}
[debug] [2021-07-19T19:53:38.647Z] [runtime-status] [57596] Ephemeral server survived. {"metadata":{"emulator":{"name":"functions"},"function":{"name":"us-central1-api"},"message":"[runtime-status] [57596] Ephemeral server survived."}}
[info] >  (node:57596) UnhandledPromiseRejectionWarning: Error: This value must be greater than or equal to 1. {"user":"(node:57596) UnhandledPromiseRejectionWarning: Error: This value must be greater than or equal to 1.","metadata":{"emulator":{"name":"functions"},"function":{"name":"us-central1-api"},"message":"\u001b[90m> \u001b[39m (node:57596) UnhandledPromiseRejectionWarning: Error: This value must be greater than or equal to 1."}}
[info] >      at Function.generate (C:\Users\user\Desktop\Amazon_by_ar\amazon-clone-ar\functions\node_modules\stripe\lib\Error.js:40:16) {"user":"    at Function.generate (C:\\Users\\user\\Desktop\\Amazon_by_ar\\amazon-clone-ar\\functions\\node_modules\\stripe\\lib\\Error.js:40:16)","metadata":{"emulator":{"name":"functions"},"function":{"name":"us-central1-api"},"message":"\u001b[90m> \u001b[39m     at Function.generate (C:\\Users\\user\\Desktop\\Amazon_by_ar\\amazon-clone-ar\\functions\\node_modules\\stripe\\lib\\Error.js:40:16)"}}
[info] >      at IncomingMessage.<anonymous> (C:\Users\user\Desktop\Amazon_by_ar\amazon-clone-ar\functions\node_modules\stripe\lib\StripeResource.js:203:33) {"user":"    at IncomingMessage.<anonymous> (C:\\Users\\user\\Desktop\\Amazon_by_ar\\amazon-clone-ar\\functions\\node_modules\\stripe\\lib\\StripeResource.js:203:33)","metadata":{"emulator":{"name":"functions"},"function":{"name":"us-central1-api"},"message":"\u001b[90m> \u001b[39m     at IncomingMessage.<anonymous> (C:\\Users\\user\\Desktop\\Amazon_by_ar\\amazon-clone-ar\\functions\\node_modules\\stripe\\lib\\StripeResource.js:203:33)"}}
[info] >      at Object.onceWrapper (events.js:421:28) {"user":"    at Object.onceWrapper (events.js:421:28)","metadata":{"emulator":{"name":"functions"},"function":{"name":"us-central1-api"},"message":"\u001b[90m> \u001b[39m     at Object.onceWrapper (events.js:421:28)"}}
[info] >      at IncomingMessage.emit (events.js:327:22) {"user":"    at IncomingMessage.emit (events.js:327:22)","metadata":{"emulator":{"name":"functions"},"function":{"name":"us-central1-api"},"message":"\u001b[90m> \u001b[39m     at IncomingMessage.emit (events.js:327:22)"}}
[info] >      at endReadableNT (internal/streams/readable.js:1327:12) {"user":"    at endReadableNT (internal/streams/readable.js:1327:12)","metadata":{"emulator":{"name":"functions"},"function":{"name":"us-central1-api"},"message":"\u001b[90m> \u001b[39m     at endReadableNT (internal/streams/readable.js:1327:12)"}}
[info] >      at processTicksAndRejections (internal/process/task_queues.js:80:21) {"user":"    at processTicksAndRejections (internal/process/task_queues.js:80:21)","metadata":{"emulator":{"name":"functions"},"function":{"name":"us-central1-api"},"message":"\u001b[90m> \u001b[39m     at processTicksAndRejections (internal/process/task_queues.js:80:21)"}}
[info] >  (Use `node --trace-warnings ...` to show where the warning was created) {"user":"(Use `node --trace-warnings ...` to show where the warning was created)","metadata":{"emulator":{"name":"functions"},"function":{"name":"us-central1-api"},"message":"\u001b[90m> \u001b[39m (Use `node --trace-warnings ...` to show where the warning was created)"}}
[info] >  (node:57596) UnhandledPromiseRejectionWarning: Unhandled promise rejection. This error originated either by throwing inside of an async function without a catch block, or by rejecting a promise which was not handled with .catch(). To terminate the node process on unhandled promise rejection, use the CLI flag `--unhandled-rejections=strict` (see https://nodejs.org/api/cli.html#cli_unhandled_rejections_mode). (rejection id: 1) {"user":"(node:57596) UnhandledPromiseRejectionWarning: Unhandled promise rejection. This error originated either by throwing inside of an async function without a catch block, or by rejecting a promise which was not handled with .catch(). To terminate the node process on unhandled promise rejection, use the CLI flag `--unhandled-rejections=strict` (see https://nodejs.org/api/cli.html#cli_unhandled_rejections_mode). (rejection id: 1)","metadata":{"emulator":{"name":"functions"},"function":{"name":"us-central1-api"},"message":"\u001b[90m> \u001b[39m (node:57596) UnhandledPromiseRejectionWarning: Unhandled promise rejection. This error originated either by throwing inside of an async function without a catch block, or by rejecting a promise which was not handled with .catch(). To terminate the node process on unhandled promise rejection, use the CLI flag `--unhandled-rejections=strict` (see https://nodejs.org/api/cli.html#cli_unhandled_rejections_mode). (rejection id: 1)"}}
[info] >  (node:57596) [DEP0018] DeprecationWarning: Unhandled promise rejections are deprecated. In the future, promise rejections that are not handled will terminate the Node.js process with a non-zero exit code. {"user":"(node:57596) [DEP0018] DeprecationWarning: Unhandled promise rejections are deprecated. In the future, promise rejections that are not handled will terminate the Node.js process with a non-zero exit code.","metadata":{"emulator":{"name":"functions"},"function":{"name":"us-central1-api"},"message":"\u001b[90m> \u001b[39m (node:57596) [DEP0018] DeprecationWarning: Unhandled promise rejections are deprecated. In the future, promise rejections that are not handled will terminate the Node.js process with a non-zero exit code."}}
[warn] !  functions: Your function timed out after ~60s. To configure this timeout, see
      https://firebase.google.com/docs/functions/manage-functions#set_timeout_and_memory_allocation. {"metadata":{"emulator":{"name":"functions"},"function":{"name":"us-central1-api"},"message":"Your function timed out after ~60s. To configure this timeout, see\n      https://firebase.google.com/docs/functions/manage-functions#set_timeout_and_memory_allocation."}}
[info] >  C:\Users\user\AppData\Roaming\npm\node_modules\firebase-tools\lib\emulator\functionsEmulatorRuntime.js:648 {"user":"C:\\Users\\user\\AppData\\Roaming\\npm\\node_modules\\firebase-tools\\lib\\emulator\\functionsEmulatorRuntime.js:648\r","metadata":{"emulator":{"name":"functions"},"function":{"name":"us-central1-api"},"message":"\u001b[90m> \u001b[39m C:\\Users\\user\\AppData\\Roaming\\npm\\node_modules\\firebase-tools\\lib\\emulator\\functionsEmulatorRuntime.js:648\r"}}
[info] >              throw new Error("Function timed out."); {"user":"            throw new Error(\"Function timed out.\");\r","metadata":{"emulator":{"name":"functions"},"function":{"name":"us-central1-api"},"message":"\u001b[90m> \u001b[39m             throw new Error(\"Function timed out.\");\r"}}
[info] >              ^ {"user":"            ^\r","metadata":{"emulator":{"name":"functions"},"function":{"name":"us-central1-api"},"message":"\u001b[90m> \u001b[39m             ^\r"}}
[info] >   {"user":"\r","metadata":{"emulator":{"name":"functions"},"function":{"name":"us-central1-api"},"message":"\u001b[90m> \u001b[39m \r"}}
[info] >  Error: Function timed out. {"user":"Error: Function timed out.\r","metadata":{"emulator":{"name":"functions"},"function":{"name":"us-central1-api"},"message":"\u001b[90m> \u001b[39m Error: Function timed out.\r"}}
[info] >      at Timeout._onTimeout (C:\Users\user\AppData\Roaming\npm\node_modules\firebase-tools\lib\emulator\functionsEmulatorRuntime.js:648:19) {"user":"    at Timeout._onTimeout (C:\\Users\\user\\AppData\\Roaming\\npm\\node_modules\\firebase-tools\\lib\\emulator\\functionsEmulatorRuntime.js:648:19)\r","metadata":{"emulator":{"name":"functions"},"function":{"name":"us-central1-api"},"message":"\u001b[90m> \u001b[39m     at Timeout._onTimeout (C:\\Users\\user\\AppData\\Roaming\\npm\\node_modules\\firebase-tools\\lib\\emulator\\functionsEmulatorRuntime.js:648:19)\r"}}
[info] >      at listOnTimeout (internal/timers.js:554:17) {"user":"    at listOnTimeout (internal/timers.js:554:17)\r","metadata":{"emulator":{"name":"functions"},"function":{"name":"us-central1-api"},"message":"\u001b[90m> \u001b[39m     at listOnTimeout (internal/timers.js:554:17)\r"}}
[info] >      at processTimers (internal/timers.js:497:7) {"user":"    at processTimers (internal/timers.js:497:7)\r","metadata":{"emulator":{"name":"functions"},"function":{"name":"us-central1-api"},"message":"\u001b[90m> \u001b[39m     at processTimers (internal/timers.js:497:7)\r"}}
[debug] [2021-07-19T19:54:38.649Z] [worker-us-central1-api-7166945d-2e2f-4208-9628-b39f6c49893b]: exited {"metadata":{"emulator":{"name":"functions"},"message":"[worker-us-central1-api-7166945d-2e2f-4208-9628-b39f6c49893b]: exited"}}
[debug] [2021-07-19T19:54:38.649Z] [worker-us-central1-api-7166945d-2e2f-4208-9628-b39f6c49893b]: FINISHED {"metadata":{"emulator":{"name":"functions"},"message":"[worker-us-central1-api-7166945d-2e2f-4208-9628-b39f6c49893b]: FINISHED"}}
[debug] [2021-07-19T19:54:38.649Z] [work-queue] {"queueLength":0,"workRunningCount":0}
